TN:
SF:/Users/franki/Personalproject/技术测试/vue-todolist/src/components/HelloWorld.vue
FN:33,all
FN:36,active
FN:37,(anonymous_3)
FN:41,completed
FN:42,(anonymous_5)
FN:49,data
FN:58,addTodo
FN:71,select
FN:72,(anonymous_9)
FN:78,filter
FN:83,filteredTodos
FNF:11
FNH:0
FNDA:0,all
FNDA:0,active
FNDA:0,(anonymous_3)
FNDA:0,completed
FNDA:0,(anonymous_5)
FNDA:0,data
FNDA:0,addTodo
FNDA:0,select
FNDA:0,(anonymous_9)
FNDA:0,filter
FNDA:0,filteredTodos
DA:32,0
DA:34,0
DA:37,0
DA:38,0
DA:42,0
DA:43,0
DA:50,0
DA:59,0
DA:60,0
DA:61,0
DA:63,0
DA:68,0
DA:69,0
DA:72,0
DA:73,0
DA:74,0
DA:79,0
DA:84,0
LF:18
LH:0
BRDA:59,0,0,0
BRDA:59,0,1,0
BRDA:73,1,0,0
BRDA:73,1,1,0
BRF:4
BRH:0
end_of_record
